d:\dkit\multiplayer\ca2\multiplayer_ca2\multiplayer_ca2\debug\vc142.pdb
d:\dkit\multiplayer\ca2\multiplayer_ca2\multiplayer_ca2\debug\vc142.idb
d:\dkit\multiplayer\ca2\multiplayer_ca2\multiplayer_ca2\debug\multiplayergamestate.obj
d:\dkit\multiplayer\ca2\multiplayer_ca2\multiplayer_ca2\debug\menustate.obj
d:\dkit\multiplayer\ca2\multiplayer_ca2\multiplayer_ca2\debug\main.obj
d:\dkit\multiplayer\ca2\multiplayer_ca2\multiplayer_ca2\debug\label.obj
d:\dkit\multiplayer\ca2\multiplayer_ca2\multiplayer_ca2\debug\keybinding.obj
d:\dkit\multiplayer\ca2\multiplayer_ca2\multiplayer_ca2\debug\gamestate.obj
d:\dkit\multiplayer\ca2\multiplayer_ca2\multiplayer_ca2\debug\gameserver.obj
d:\dkit\multiplayer\ca2\multiplayer_ca2\multiplayer_ca2\debug\gameoverstate.obj
d:\dkit\multiplayer\ca2\multiplayer_ca2\multiplayer_ca2\debug\entity.obj
d:\dkit\multiplayer\ca2\multiplayer_ca2\multiplayer_ca2\debug\emitternode.obj
d:\dkit\multiplayer\ca2\multiplayer_ca2\multiplayer_ca2\debug\datatables.obj
d:\dkit\multiplayer\ca2\multiplayer_ca2\multiplayer_ca2\debug\container.obj
d:\dkit\multiplayer\ca2\multiplayer_ca2\multiplayer_ca2\debug\component.obj
d:\dkit\multiplayer\ca2\multiplayer_ca2\multiplayer_ca2\debug\commandqueue.obj
d:\dkit\multiplayer\ca2\multiplayer_ca2\multiplayer_ca2\debug\command.obj
d:\dkit\multiplayer\ca2\multiplayer_ca2\multiplayer_ca2\debug\button.obj
d:\dkit\multiplayer\ca2\multiplayer_ca2\multiplayer_ca2\debug\bloomeffect.obj
d:\dkit\multiplayer\ca2\multiplayer_ca2\multiplayer_ca2\debug\application.obj
d:\dkit\multiplayer\ca2\multiplayer_ca2\multiplayer_ca2\debug\animation.obj
d:\dkit\multiplayer\ca2\multiplayer_ca2\multiplayer_ca2\debug\aircraft.obj
d:\dkit\multiplayer\ca2\multiplayer_ca2\multiplayer_ca2\debug\world.obj
d:\dkit\multiplayer\ca2\multiplayer_ca2\multiplayer_ca2\debug\utility.obj
d:\dkit\multiplayer\ca2\multiplayer_ca2\multiplayer_ca2\debug\titlestate.obj
d:\dkit\multiplayer\ca2\multiplayer_ca2\multiplayer_ca2\debug\textnode.obj
d:\dkit\multiplayer\ca2\multiplayer_ca2\multiplayer_ca2\debug\statestack.obj
d:\dkit\multiplayer\ca2\multiplayer_ca2\multiplayer_ca2\debug\state.obj
d:\dkit\multiplayer\ca2\multiplayer_ca2\multiplayer_ca2\debug\spritenode.obj
d:\dkit\multiplayer\ca2\multiplayer_ca2\multiplayer_ca2\debug\soundplayer.obj
d:\dkit\multiplayer\ca2\multiplayer_ca2\multiplayer_ca2\debug\soundnode.obj
d:\dkit\multiplayer\ca2\multiplayer_ca2\multiplayer_ca2\debug\settingsstate.obj
d:\dkit\multiplayer\ca2\multiplayer_ca2\multiplayer_ca2\debug\scenenode.obj
d:\dkit\multiplayer\ca2\multiplayer_ca2\multiplayer_ca2\debug\projectile.obj
d:\dkit\multiplayer\ca2\multiplayer_ca2\multiplayer_ca2\debug\posteffect.obj
d:\dkit\multiplayer\ca2\multiplayer_ca2\multiplayer_ca2\debug\player.obj
d:\dkit\multiplayer\ca2\multiplayer_ca2\multiplayer_ca2\debug\pickup.obj
d:\dkit\multiplayer\ca2\multiplayer_ca2\multiplayer_ca2\debug\pausestate.obj
d:\dkit\multiplayer\ca2\multiplayer_ca2\multiplayer_ca2\debug\particlenode.obj
d:\dkit\multiplayer\ca2\multiplayer_ca2\multiplayer_ca2\debug\networknode.obj
d:\dkit\multiplayer\ca2\multiplayer_ca2\multiplayer_ca2\debug\musicplayer.obj
d:\dkit\multiplayer\ca2\multiplayer_ca2\multiplayer_ca2\debug\multiplayer_ca2.tlog\cl.command.1.tlog
d:\dkit\multiplayer\ca2\multiplayer_ca2\multiplayer_ca2\debug\multiplayer_ca2.tlog\cl.read.1.tlog
d:\dkit\multiplayer\ca2\multiplayer_ca2\multiplayer_ca2\debug\multiplayer_ca2.tlog\cl.write.1.tlog
d:\dkit\multiplayer\ca2\multiplayer_ca2\multiplayer_ca2\debug\multiplayer_ca2.tlog\link.command.1.tlog
d:\dkit\multiplayer\ca2\multiplayer_ca2\multiplayer_ca2\debug\multiplayer_ca2.tlog\link.read.1.tlog
d:\dkit\multiplayer\ca2\multiplayer_ca2\multiplayer_ca2\debug\multiplayer_ca2.tlog\link.write.1.tlog
