  Aircraft.cpp
  Animation.cpp
  Application.cpp
  BloomEffect.cpp
  Button.cpp
  Command.cpp
  CommandQueue.cpp
  Component.cpp
  Container.cpp
D:\DKIT\Year4_Semester2\Multiplayer\CA2\Multiplayer_CA2\Multiplayer_CA2\Container.cpp(77,25): warning C4267: '=': conversion from 'size_t' to 'int', possible loss of data
D:\DKIT\Year4_Semester2\Multiplayer\CA2\Multiplayer_CA2\Multiplayer_CA2\Container.cpp(104,58): warning C4267: '=': conversion from 'size_t' to 'int', possible loss of data
  DataTables.cpp
  EmitterNode.cpp
  Entity.cpp
  GameOverState.cpp
  GameServer.cpp
  GameState.cpp
  KeyBinding.cpp
  Label.cpp
  Main.cpp
  MenuState.cpp
  MultiplayerGameState.cpp
  Generating Code...
  Compiling...
  MusicPlayer.cpp
  NetworkNode.cpp
  ParticleNode.cpp
  PauseState.cpp
  Pickup.cpp
  Player.cpp
  PostEffect.cpp
  Projectile.cpp
  SceneNode.cpp
  SettingsState.cpp
  SoundNode.cpp
  SoundPlayer.cpp
  SpriteNode.cpp
  State.cpp
  StateStack.cpp
  TextNode.cpp
  TitleState.cpp
  Utility.cpp
  World.cpp
  Generating Code...
sfml-system-d.lib(sfml-system-d-2.dll) : fatal error LNK1112: module machine type 'x86' conflicts with target machine type 'x64'
